# JRE version: OpenJDK Runtime Environment (8.0_202) (build 1.8.0_202-release-1483-b49-5587405)
# Java VM: OpenJDK 64-Bit Server VM (25.202-b49-5587405 mixed mode linux-amd64 compressed oops)
Heap:
 PSYoungGen      total 306688K, used 104608K [0x00000000e0000000, 0x00000000f6880000, 0x0000000100000000)
  eden space 253440K, 33% used [0x00000000e0000000,0x00000000e527ac70,0x00000000ef780000)
  from space 53248K, 37% used [0x00000000ef780000,0x00000000f0b2d490,0x00000000f2b80000)
  to   space 51712K, 0% used [0x00000000f3600000,0x00000000f3600000,0x00000000f6880000)
 ParOldGen       total 638464K, used 63230K [0x00000000a0000000, 0x00000000c6f80000, 0x00000000e0000000)
  object space 638464K, 9% used [0x00000000a0000000,0x00000000a3dbfa90,0x00000000c6f80000)
 Metaspace       used 132434K, capacity 140909K, committed 156144K, reserved 1183744K
  class space    used 16664K, capacity 18176K, committed 21544K, reserved 1048576K
GC Heap History (10 events):
Event: 19524.996 GC heap before
{Heap before GC invocations=64 (full 5):
 PSYoungGen      total 287744K, used 255803K [0x00000000e0000000, 0x00000000f5800000, 0x0000000100000000)
  eden space 232448K, 100% used [0x00000000e0000000,0x00000000ee300000,0x00000000ee300000)
  from space 55296K, 42% used [0x00000000f2200000,0x00000000f38cede8,0x00000000f5800000)
  to   space 59904K, 0% used [0x00000000ee300000,0x00000000ee300000,0x00000000f1d80000)
 ParOldGen       total 638464K, used 63198K [0x00000000a0000000, 0x00000000c6f80000, 0x00000000e0000000)
  object space 638464K, 9% used [0x00000000a0000000,0x00000000a3db7a90,0x00000000c6f80000)
 Metaspace       used 131175K, capacity 139421K, committed 156144K, reserved 1183744K
  class space    used 16573K, capacity 18014K, committed 21544K, reserved 1048576K
Event: 19525.013 GC heap after
Heap after GC invocations=64 (full 5):
 PSYoungGen      total 292352K, used 18972K [0x00000000e0000000, 0x00000000f5d00000, 0x0000000100000000)
  eden space 232448K, 0% used [0x00000000e0000000,0x00000000e0000000,0x00000000ee300000)
  from space 59904K, 31% used [0x00000000ee300000,0x00000000ef587390,0x00000000f1d80000)
  to   space 58368K, 0% used [0x00000000f2400000,0x00000000f2400000,0x00000000f5d00000)
 ParOldGen       total 638464K, used 63206K [0x00000000a0000000, 0x00000000c6f80000, 0x00000000e0000000)
  object space 638464K, 9% used [0x00000000a0000000,0x00000000a3db9a90,0x00000000c6f80000)
 Metaspace       used 131175K, capacity 139421K, committed 156144K, reserved 1183744K
  class space    used 16573K, capacity 18014K, committed 21544K, reserved 1048576K
}
Event: 19564.511 GC heap before
{Heap before GC invocations=65 (full 5):
 PSYoungGen      total 292352K, used 251420K [0x00000000e0000000, 0x00000000f5d00000, 0x0000000100000000)
  eden space 232448K, 100% used [0x00000000e0000000,0x00000000ee300000,0x00000000ee300000)
  from space 59904K, 31% used [0x00000000ee300000,0x00000000ef587390,0x00000000f1d80000)
  to   space 58368K, 0% used [0x00000000f2400000,0x00000000f2400000,0x00000000f5d00000)
 ParOldGen       total 638464K, used 63206K [0x00000000a0000000, 0x00000000c6f80000, 0x00000000e0000000)
  object space 638464K, 9% used [0x00000000a0000000,0x00000000a3db9a90,0x00000000c6f80000)
 Metaspace       used 131473K, capacity 139793K, committed 156144K, reserved 1183744K
  class space    used 16595K, capacity 18054K, committed 21544K, reserved 1048576K
Event: 19564.529 GC heap after
Heap after GC invocations=65 (full 5):
 PSYoungGen      total 293888K, used 17269K [0x00000000e0000000, 0x00000000f5980000, 0x0000000100000000)
  eden space 239104K, 0% used [0x00000000e0000000,0x00000000e0000000,0x00000000ee980000)
  from space 54784K, 31% used [0x00000000f2400000,0x00000000f34dd4b8,0x00000000f5980000)
  to   space 57344K, 0% used [0x00000000ee980000,0x00000000ee980000,0x00000000f2180000)
 ParOldGen       total 638464K, used 63214K [0x00000000a0000000, 0x00000000c6f80000, 0x00000000e0000000)
  object space 638464K, 9% used [0x00000000a0000000,0x00000000a3dbba90,0x00000000c6f80000)
 Metaspace       used 131473K, capacity 139793K, committed 156144K, reserved 1183744K
  class space    used 16595K, capacity 18054K, committed 21544K, reserved 1048576K
}
Event: 19565.038 GC heap before
{Heap before GC invocations=66 (full 5):
 PSYoungGen      total 293888K, used 256253K [0x00000000e0000000, 0x00000000f5980000, 0x0000000100000000)
  eden space 239104K, 99% used [0x00000000e0000000,0x00000000ee9620e0,0x00000000ee980000)
  from space 54784K, 31% used [0x00000000f2400000,0x00000000f34dd4b8,0x00000000f5980000)
  to   space 57344K, 0% used [0x00000000ee980000,0x00000000ee980000,0x00000000f2180000)
 ParOldGen       total 638464K, used 63214K [0x00000000a0000000, 0x00000000c6f80000, 0x00000000e0000000)
  object space 638464K, 9% used [0x00000000a0000000,0x00000000a3dbba90,0x00000000c6f80000)
 Metaspace       used 131749K, capacity 140109K, committed 156144K, reserved 1183744K
  class space    used 16619K, capacity 18096K, committed 21544K, reserved 1048576K
Event: 19565.058 GC heap after
Heap after GC invocations=66 (full 5):
 PSYoungGen      total 296448K, used 21181K [0x00000000e0000000, 0x00000000f6680000, 0x0000000100000000)
  eden space 239104K, 0% used [0x00000000e0000000,0x00000000e0000000,0x00000000ee980000)
  from space 57344K, 36% used [0x00000000ee980000,0x00000000efe2f578,0x00000000f2180000)
  to   space 55296K, 0% used [0x00000000f3080000,0x00000000f3080000,0x00000000f6680000)
 ParOldGen       total 638464K, used 63222K [0x00000000a0000000, 0x00000000c6f80000, 0x00000000e0000000)
  object space 638464K, 9% used [0x00000000a0000000,0x00000000a3dbda90,0x00000000c6f80000)
 Metaspace       used 131749K, capacity 140109K, committed 156144K, reserved 1183744K
  class space    used 16619K, capacity 18096K, committed 21544K, reserved 1048576K
}
Event: 19620.512 GC heap before
{Heap before GC invocations=67 (full 5):
 PSYoungGen      total 296448K, used 260285K [0x00000000e0000000, 0x00000000f6680000, 0x0000000100000000)
  eden space 239104K, 100% used [0x00000000e0000000,0x00000000ee980000,0x00000000ee980000)
  from space 57344K, 36% used [0x00000000ee980000,0x00000000efe2f578,0x00000000f2180000)
  to   space 55296K, 0% used [0x00000000f3080000,0x00000000f3080000,0x00000000f6680000)
 ParOldGen       total 638464K, used 63222K [0x00000000a0000000, 0x00000000c6f80000, 0x00000000e0000000)
  object space 638464K, 9% used [0x00000000a0000000,0x00000000a3dbda90,0x00000000c6f80000)
 Metaspace       used 132112K, capacity 140541K, committed 156144K, reserved 1183744K
  class space    used 16642K, capacity 18136K, committed 21544K, reserved 1048576K
Event: 19620.531 GC heap after
Heap after GC invocations=67 (full 5):
 PSYoungGen      total 301568K, used 20739K [0x00000000e0000000, 0x00000000f5f80000, 0x0000000100000000)
  eden space 253440K, 0% used [0x00000000e0000000,0x00000000e0000000,0x00000000ef780000)
  from space 48128K, 43% used [0x00000000f3080000,0x00000000f44c0fb8,0x00000000f5f80000)
  to   space 53248K, 0% used [0x00000000ef780000,0x00000000ef780000,0x00000000f2b80000)
 ParOldGen       total 638464K, used 63222K [0x00000000a0000000, 0x00000000c6f80000, 0x00000000e0000000)
  object space 638464K, 9% used [0x00000000a0000000,0x00000000a3dbda90,0x00000000c6f80000)
 Metaspace       used 132112K, capacity 140541K, committed 156144K, reserved 1183744K
  class space    used 16642K, capacity 18136K, committed 21544K, reserved 1048576K
}
Event: 19832.713 GC heap before
{Heap before GC invocations=68 (full 5):
 PSYoungGen      total 301568K, used 274179K [0x00000000e0000000, 0x00000000f5f80000, 0x0000000100000000)
  eden space 253440K, 100% used [0x00000000e0000000,0x00000000ef780000,0x00000000ef780000)
  from space 48128K, 43% used [0x00000000f3080000,0x00000000f44c0fb8,0x00000000f5f80000)
  to   space 53248K, 0% used [0x00000000ef780000,0x00000000ef780000,0x00000000f2b80000)
 ParOldGen       total 638464K, used 63222K [0x00000000a0000000, 0x00000000c6f80000, 0x00000000e0000000)
  object space 638464K, 9% used [0x00000000a0000000,0x00000000a3dbda90,0x00000000c6f80000)
 Metaspace       used 132415K, capacity 140909K, committed 156144K, reserved 1183744K
  class space    used 16664K, capacity 18176K, committed 21544K, reserved 1048576K
Event: 19832.728 GC heap after
Heap after GC invocations=68 (full 5):
 PSYoungGen      total 306688K, used 20149K [0x00000000e0000000, 0x00000000f6880000, 0x0000000100000000)
  eden space 253440K, 0% used [0x00000000e0000000,0x00000000e0000000,0x00000000ef780000)
  from space 53248K, 37% used [0x00000000ef780000,0x00000000f0b2d490,0x00000000f2b80000)
  to   space 51712K, 0% used [0x00000000f3600000,0x00000000f3600000,0x00000000f6880000)
 ParOldGen       total 638464K, used 63230K [0x00000000a0000000, 0x00000000c6f80000, 0x00000000e0000000)
  object space 638464K, 9% used [0x00000000a0000000,0x00000000a3dbfa90,0x00000000c6f80000)
 Metaspace       used 132415K, capacity 140909K, committed 156144K, reserved 1183744K
  class space    used 16664K, capacity 18176K, committed 21544K, reserved 1048576K
}

