# JRE version: OpenJDK Runtime Environment (8.0_202) (build 1.8.0_202-release-1483-b49-5587405)
# Java VM: OpenJDK 64-Bit Server VM (25.202-b49-5587405 mixed mode linux-amd64 compressed oops)
Heap:
 PSYoungGen      total 389120K, used 105478K [0x00000000e0000000, 0x00000000f9880000, 0x0000000100000000)
  eden space 364032K, 23% used [0x00000000e0000000,0x00000000e5253150,0x00000000f6380000)
  from space 25088K, 84% used [0x00000000f8000000,0x00000000f94ae6e0,0x00000000f9880000)
  to   space 27136K, 0% used [0x00000000f6380000,0x00000000f6380000,0x00000000f7e00000)
 ParOldGen       total 369152K, used 32958K [0x00000000a0000000, 0x00000000b6880000, 0x00000000e0000000)
  object space 369152K, 8% used [0x00000000a0000000,0x00000000a202f918,0x00000000b6880000)
 Metaspace       used 67510K, capacity 70108K, committed 70184K, reserved 1110016K
  class space    used 9138K, capacity 9725K, committed 9768K, reserved 1048576K
GC Heap History (10 events):
Event: 3.332 GC heap before
{Heap before GC invocations=5 (full 2):
 PSYoungGen      total 208384K, used 15862K [0x00000000e0000000, 0x00000000f3080000, 0x0000000100000000)
  eden space 192512K, 0% used [0x00000000e0000000,0x00000000e0000000,0x00000000ebc00000)
  from space 15872K, 99% used [0x00000000ebc00000,0x00000000ecb7db50,0x00000000ecb80000)
  to   space 15872K, 0% used [0x00000000f2100000,0x00000000f2100000,0x00000000f3080000)
 ParOldGen       total 160768K, used 17604K [0x00000000a0000000, 0x00000000a9d00000, 0x00000000e0000000)
  object space 160768K, 10% used [0x00000000a0000000,0x00000000a11312a8,0x00000000a9d00000)
 Metaspace       used 34443K, capacity 35424K, committed 35496K, reserved 1079296K
  class space    used 4765K, capacity 5009K, committed 5032K, reserved 1048576K
Event: 3.387 GC heap after
Heap after GC invocations=5 (full 2):
 PSYoungGen      total 208384K, used 0K [0x00000000e0000000, 0x00000000f3080000, 0x0000000100000000)
  eden space 192512K, 0% used [0x00000000e0000000,0x00000000e0000000,0x00000000ebc00000)
  from space 15872K, 0% used [0x00000000ebc00000,0x00000000ebc00000,0x00000000ecb80000)
  to   space 15872K, 0% used [0x00000000f2100000,0x00000000f2100000,0x00000000f3080000)
 ParOldGen       total 266240K, used 25639K [0x00000000a0000000, 0x00000000b0400000, 0x00000000e0000000)
  object space 266240K, 9% used [0x00000000a0000000,0x00000000a1909de0,0x00000000b0400000)
 Metaspace       used 34427K, capacity 35370K, committed 35496K, reserved 1079296K
  class space    used 4761K, capacity 5000K, committed 5032K, reserved 1048576K
}
Event: 5.533 GC heap before
{Heap before GC invocations=6 (full 2):
 PSYoungGen      total 208384K, used 192512K [0x00000000e0000000, 0x00000000f3080000, 0x0000000100000000)
  eden space 192512K, 100% used [0x00000000e0000000,0x00000000ebc00000,0x00000000ebc00000)
  from space 15872K, 0% used [0x00000000ebc00000,0x00000000ebc00000,0x00000000ecb80000)
  to   space 15872K, 0% used [0x00000000f2100000,0x00000000f2100000,0x00000000f3080000)
 ParOldGen       total 266240K, used 25639K [0x00000000a0000000, 0x00000000b0400000, 0x00000000e0000000)
  object space 266240K, 9% used [0x00000000a0000000,0x00000000a1909de0,0x00000000b0400000)
 Metaspace       used 52516K, capacity 54156K, committed 54312K, reserved 1095680K
  class space    used 6996K, capacity 7392K, committed 7464K, reserved 1048576K
Event: 5.551 GC heap after
Heap after GC invocations=6 (full 2):
 PSYoungGen      total 275456K, used 15859K [0x00000000e0000000, 0x00000000f3080000, 0x0000000100000000)
  eden space 259584K, 0% used [0x00000000e0000000,0x00000000e0000000,0x00000000efd80000)
  from space 15872K, 99% used [0x00000000f2100000,0x00000000f307ccb8,0x00000000f3080000)
  to   space 15872K, 0% used [0x00000000f1180000,0x00000000f1180000,0x00000000f2100000)
 ParOldGen       total 266240K, used 34146K [0x00000000a0000000, 0x00000000b0400000, 0x00000000e0000000)
  object space 266240K, 12% used [0x00000000a0000000,0x00000000a2158b18,0x00000000b0400000)
 Metaspace       used 52516K, capacity 54156K, committed 54312K, reserved 1095680K
  class space    used 6996K, capacity 7392K, committed 7464K, reserved 1048576K
}
Event: 6.122 GC heap before
{Heap before GC invocations=7 (full 2):
 PSYoungGen      total 275456K, used 79566K [0x00000000e0000000, 0x00000000f3080000, 0x0000000100000000)
  eden space 259584K, 24% used [0x00000000e0000000,0x00000000e3e36c38,0x00000000efd80000)
  from space 15872K, 99% used [0x00000000f2100000,0x00000000f307ccb8,0x00000000f3080000)
  to   space 15872K, 0% used [0x00000000f1180000,0x00000000f1180000,0x00000000f2100000)
 ParOldGen       total 266240K, used 34146K [0x00000000a0000000, 0x00000000b0400000, 0x00000000e0000000)
  object space 266240K, 12% used [0x00000000a0000000,0x00000000a2158b18,0x00000000b0400000)
 Metaspace       used 57216K, capacity 59114K, committed 59160K, reserved 1099776K
  class space    used 7681K, capacity 8096K, committed 8104K, reserved 1048576K
Event: 6.140 GC heap after
Heap after GC invocations=7 (full 2):
 PSYoungGen      total 295936K, used 15845K [0x00000000e0000000, 0x00000000f9980000, 0x0000000100000000)
  eden space 280064K, 0% used [0x00000000e0000000,0x00000000e0000000,0x00000000f1180000)
  from space 15872K, 99% used [0x00000000f1180000,0x00000000f20f9560,0x00000000f2100000)
  to   space 26112K, 0% used [0x00000000f8000000,0x00000000f8000000,0x00000000f9980000)
 ParOldGen       total 266240K, used 35477K [0x00000000a0000000, 0x00000000b0400000, 0x00000000e0000000)
  object space 266240K, 13% used [0x00000000a0000000,0x00000000a22a56a8,0x00000000b0400000)
 Metaspace       used 57216K, capacity 59114K, committed 59160K, reserved 1099776K
  class space    used 7681K, capacity 8096K, committed 8104K, reserved 1048576K
}
Event: 6.140 GC heap before
{Heap before GC invocations=8 (full 3):
 PSYoungGen      total 295936K, used 15845K [0x00000000e0000000, 0x00000000f9980000, 0x0000000100000000)
  eden space 280064K, 0% used [0x00000000e0000000,0x00000000e0000000,0x00000000f1180000)
  from space 15872K, 99% used [0x00000000f1180000,0x00000000f20f9560,0x00000000f2100000)
  to   space 26112K, 0% used [0x00000000f8000000,0x00000000f8000000,0x00000000f9980000)
 ParOldGen       total 266240K, used 35477K [0x00000000a0000000, 0x00000000b0400000, 0x00000000e0000000)
  object space 266240K, 13% used [0x00000000a0000000,0x00000000a22a56a8,0x00000000b0400000)
 Metaspace       used 57216K, capacity 59114K, committed 59160K, reserved 1099776K
  class space    used 7681K, capacity 8096K, committed 8104K, reserved 1048576K
Event: 6.266 GC heap after
Heap after GC invocations=8 (full 3):
 PSYoungGen      total 295936K, used 0K [0x00000000e0000000, 0x00000000f9980000, 0x0000000100000000)
  eden space 280064K, 0% used [0x00000000e0000000,0x00000000e0000000,0x00000000f1180000)
  from space 15872K, 0% used [0x00000000f1180000,0x00000000f1180000,0x00000000f2100000)
  to   space 26112K, 0% used [0x00000000f8000000,0x00000000f8000000,0x00000000f9980000)
 ParOldGen       total 369152K, used 32950K [0x00000000a0000000, 0x00000000b6880000, 0x00000000e0000000)
  object space 369152K, 8% used [0x00000000a0000000,0x00000000a202d918,0x00000000b6880000)
 Metaspace       used 57188K, capacity 59026K, committed 59160K, reserved 1099776K
  class space    used 7674K, capacity 8088K, committed 8104K, reserved 1048576K
}
Event: 287.107 GC heap before
{Heap before GC invocations=9 (full 3):
 PSYoungGen      total 295936K, used 280064K [0x00000000e0000000, 0x00000000f9980000, 0x0000000100000000)
  eden space 280064K, 100% used [0x00000000e0000000,0x00000000f1180000,0x00000000f1180000)
  from space 15872K, 0% used [0x00000000f1180000,0x00000000f1180000,0x00000000f2100000)
  to   space 26112K, 0% used [0x00000000f8000000,0x00000000f8000000,0x00000000f9980000)
 ParOldGen       total 369152K, used 32950K [0x00000000a0000000, 0x00000000b6880000, 0x00000000e0000000)
  object space 369152K, 8% used [0x00000000a0000000,0x00000000a202d918,0x00000000b6880000)
 Metaspace       used 67382K, capacity 69908K, committed 70184K, reserved 1110016K
  class space    used 9131K, capacity 9723K, committed 9768K, reserved 1048576K
Event: 287.120 GC heap after
Heap after GC invocations=9 (full 3):
 PSYoungGen      total 389120K, used 21177K [0x00000000e0000000, 0x00000000f9880000, 0x0000000100000000)
  eden space 364032K, 0% used [0x00000000e0000000,0x00000000e0000000,0x00000000f6380000)
  from space 25088K, 84% used [0x00000000f8000000,0x00000000f94ae6e0,0x00000000f9880000)
  to   space 27136K, 0% used [0x00000000f6380000,0x00000000f6380000,0x00000000f7e00000)
 ParOldGen       total 369152K, used 32958K [0x00000000a0000000, 0x00000000b6880000, 0x00000000e0000000)
  object space 369152K, 8% used [0x00000000a0000000,0x00000000a202f918,0x00000000b6880000)
 Metaspace       used 67382K, capacity 69908K, committed 70184K, reserved 1110016K
  class space    used 9131K, capacity 9723K, committed 9768K, reserved 1048576K
}

