# JRE version: OpenJDK Runtime Environment (8.0_202) (build 1.8.0_202-release-1483-b49-5587405)
# Java VM: OpenJDK 64-Bit Server VM (25.202-b49-5587405 mixed mode linux-amd64 compressed oops)
Heap:
 PSYoungGen      total 473600K, used 473592K [0x00000000e0000000, 0x0000000100000000, 0x0000000100000000)
  eden space 448512K, 100% used [0x00000000e0000000,0x00000000fb600000,0x00000000fb600000)
  from space 25088K, 99% used [0x00000000fe780000,0x00000000ffffe3d0,0x0000000100000000)
  to   space 37888K, 99% used [0x00000000fb600000,0x00000000fdafce78,0x00000000fdb00000)
 ParOldGen       total 211456K, used 83361K [0x00000000a0000000, 0x00000000ace80000, 0x00000000e0000000)
  object space 211456K, 39% used [0x00000000a0000000,0x00000000a516c5a0,0x00000000ace80000)
 Metaspace       used 73502K, capacity 76512K, committed 76672K, reserved 1116160K
  class space    used 9913K, capacity 10546K, committed 10624K, reserved 1048576K
GC Heap History (10 events):
Event: 3.118 GC heap after
Heap after GC invocations=7 (full 2):
 PSYoungGen      total 202752K, used 0K [0x00000000e0000000, 0x00000000f6700000, 0x0000000100000000)
  eden space 186880K, 0% used [0x00000000e0000000,0x00000000e0000000,0x00000000eb680000)
  from space 15872K, 0% used [0x00000000eb680000,0x00000000eb680000,0x00000000ec600000)
  to   space 16384K, 0% used [0x00000000f5700000,0x00000000f5700000,0x00000000f6700000)
 ParOldGen       total 155136K, used 19932K [0x00000000a0000000, 0x00000000a9780000, 0x00000000e0000000)
  object space 155136K, 12% used [0x00000000a0000000,0x00000000a1377268,0x00000000a9780000)
 Metaspace       used 34635K, capacity 35272K, committed 35496K, reserved 1079296K
  class space    used 4768K, capacity 4989K, committed 5120K, reserved 1048576K
}
Event: 4.575 GC heap before
{Heap before GC invocations=8 (full 2):
 PSYoungGen      total 202752K, used 186880K [0x00000000e0000000, 0x00000000f6700000, 0x0000000100000000)
  eden space 186880K, 100% used [0x00000000e0000000,0x00000000eb680000,0x00000000eb680000)
  from space 15872K, 0% used [0x00000000eb680000,0x00000000eb680000,0x00000000ec600000)
  to   space 16384K, 0% used [0x00000000f5700000,0x00000000f5700000,0x00000000f6700000)
 ParOldGen       total 155136K, used 19932K [0x00000000a0000000, 0x00000000a9780000, 0x00000000e0000000)
  object space 155136K, 12% used [0x00000000a0000000,0x00000000a1377268,0x00000000a9780000)
 Metaspace       used 50995K, capacity 52316K, committed 52608K, reserved 1095680K
  class space    used 6923K, capacity 7283K, committed 7296K, reserved 1048576K
Event: 4.601 GC heap after
Heap after GC invocations=8 (full 2):
 PSYoungGen      total 330752K, used 16379K [0x00000000e0000000, 0x00000000f6700000, 0x0000000100000000)
  eden space 314368K, 0% used [0x00000000e0000000,0x00000000e0000000,0x00000000f3300000)
  from space 16384K, 99% used [0x00000000f5700000,0x00000000f66fed30,0x00000000f6700000)
  to   space 22016K, 0% used [0x00000000f3c00000,0x00000000f3c00000,0x00000000f5180000)
 ParOldGen       total 155136K, used 26275K [0x00000000a0000000, 0x00000000a9780000, 0x00000000e0000000)
  object space 155136K, 16% used [0x00000000a0000000,0x00000000a19a8eb0,0x00000000a9780000)
 Metaspace       used 50995K, capacity 52316K, committed 52608K, reserved 1095680K
  class space    used 6923K, capacity 7283K, committed 7296K, reserved 1048576K
}
Event: 5.634 GC heap before
{Heap before GC invocations=9 (full 2):
 PSYoungGen      total 330752K, used 134689K [0x00000000e0000000, 0x00000000f6700000, 0x0000000100000000)
  eden space 314368K, 37% used [0x00000000e0000000,0x00000000e73897f8,0x00000000f3300000)
  from space 16384K, 99% used [0x00000000f5700000,0x00000000f66fed30,0x00000000f6700000)
  to   space 22016K, 0% used [0x00000000f3c00000,0x00000000f3c00000,0x00000000f5180000)
 ParOldGen       total 155136K, used 26275K [0x00000000a0000000, 0x00000000a9780000, 0x00000000e0000000)
  object space 155136K, 16% used [0x00000000a0000000,0x00000000a19a8eb0,0x00000000a9780000)
 Metaspace       used 57464K, capacity 59052K, committed 59160K, reserved 1099776K
  class space    used 7823K, capacity 8242K, committed 8320K, reserved 1048576K
Event: 5.652 GC heap after
Heap after GC invocations=9 (full 2):
 PSYoungGen      total 345600K, used 21098K [0x00000000e0000000, 0x0000000100000000, 0x0000000100000000)
  eden space 323584K, 0% used [0x00000000e0000000,0x00000000e0000000,0x00000000f3c00000)
  from space 22016K, 95% used [0x00000000f3c00000,0x00000000f509a8b0,0x00000000f5180000)
  to   space 25088K, 0% used [0x00000000fe780000,0x00000000fe780000,0x0000000100000000)
 ParOldGen       total 155136K, used 26347K [0x00000000a0000000, 0x00000000a9780000, 0x00000000e0000000)
  object space 155136K, 16% used [0x00000000a0000000,0x00000000a19baec0,0x00000000a9780000)
 Metaspace       used 57464K, capacity 59052K, committed 59160K, reserved 1099776K
  class space    used 7823K, capacity 8242K, committed 8320K, reserved 1048576K
}
Event: 5.652 GC heap before
{Heap before GC invocations=10 (full 3):
 PSYoungGen      total 345600K, used 21098K [0x00000000e0000000, 0x0000000100000000, 0x0000000100000000)
  eden space 323584K, 0% used [0x00000000e0000000,0x00000000e0000000,0x00000000f3c00000)
  from space 22016K, 95% used [0x00000000f3c00000,0x00000000f509a8b0,0x00000000f5180000)
  to   space 25088K, 0% used [0x00000000fe780000,0x00000000fe780000,0x0000000100000000)
 ParOldGen       total 155136K, used 26347K [0x00000000a0000000, 0x00000000a9780000, 0x00000000e0000000)
  object space 155136K, 16% used [0x00000000a0000000,0x00000000a19baec0,0x00000000a9780000)
 Metaspace       used 57464K, capacity 59052K, committed 59160K, reserved 1099776K
  class space    used 7823K, capacity 8242K, committed 8320K, reserved 1048576K
Event: 5.862 GC heap after
Heap after GC invocations=10 (full 3):
 PSYoungGen      total 345600K, used 0K [0x00000000e0000000, 0x0000000100000000, 0x0000000100000000)
  eden space 323584K, 0% used [0x00000000e0000000,0x00000000e0000000,0x00000000f3c00000)
  from space 22016K, 0% used [0x00000000f3c00000,0x00000000f3c00000,0x00000000f5180000)
  to   space 25088K, 0% used [0x00000000fe780000,0x00000000fe780000,0x0000000100000000)
 ParOldGen       total 211456K, used 36267K [0x00000000a0000000, 0x00000000ace80000, 0x00000000e0000000)
  object space 211456K, 17% used [0x00000000a0000000,0x00000000a236af18,0x00000000ace80000)
 Metaspace       used 57464K, capacity 59052K, committed 59160K, reserved 1099776K
  class space    used 7823K, capacity 8242K, committed 8320K, reserved 1048576K
}
Event: 7.887 GC heap before
{Heap before GC invocations=11 (full 3):
 PSYoungGen      total 345600K, used 323584K [0x00000000e0000000, 0x0000000100000000, 0x0000000100000000)
  eden space 323584K, 100% used [0x00000000e0000000,0x00000000f3c00000,0x00000000f3c00000)
  from space 22016K, 0% used [0x00000000f3c00000,0x00000000f3c00000,0x00000000f5180000)
  to   space 25088K, 0% used [0x00000000fe780000,0x00000000fe780000,0x0000000100000000)
 ParOldGen       total 211456K, used 36267K [0x00000000a0000000, 0x00000000ace80000, 0x00000000e0000000)
  object space 211456K, 17% used [0x00000000a0000000,0x00000000a236af18,0x00000000ace80000)
 Metaspace       used 63150K, capacity 65286K, committed 65536K, reserved 1105920K
  class space    used 8697K, capacity 9159K, committed 9216K, reserved 1048576K
Event: 7.938 GC heap after
Heap after GC invocations=11 (full 3):
 PSYoungGen      total 473600K, used 25080K [0x00000000e0000000, 0x0000000100000000, 0x0000000100000000)
  eden space 448512K, 0% used [0x00000000e0000000,0x00000000e0000000,0x00000000fb600000)
  from space 25088K, 99% used [0x00000000fe780000,0x00000000ffffe3d0,0x0000000100000000)
  to   space 37888K, 0% used [0x00000000fb600000,0x00000000fb600000,0x00000000fdb00000)
 ParOldGen       total 211456K, used 58163K [0x00000000a0000000, 0x00000000ace80000, 0x00000000e0000000)
  object space 211456K, 27% used [0x00000000a0000000,0x00000000a38ccf48,0x00000000ace80000)
 Metaspace       used 63150K, capacity 65286K, committed 65536K, reserved 1105920K
  class space    used 8697K, capacity 9159K, committed 9216K, reserved 1048576K
}
Event: 121.154 GC heap before
{Heap before GC invocations=12 (full 3):
 PSYoungGen      total 473600K, used 473592K [0x00000000e0000000, 0x0000000100000000, 0x0000000100000000)
  eden space 448512K, 100% used [0x00000000e0000000,0x00000000fb600000,0x00000000fb600000)
  from space 25088K, 99% used [0x00000000fe780000,0x00000000ffffe3d0,0x0000000100000000)
  to   space 37888K, 0% used [0x00000000fb600000,0x00000000fb600000,0x00000000fdb00000)
 ParOldGen       total 211456K, used 58163K [0x00000000a0000000, 0x00000000ace80000, 0x00000000e0000000)
  object space 211456K, 27% used [0x00000000a0000000,0x00000000a38ccf48,0x00000000ace80000)
 Metaspace       used 73502K, capacity 76512K, committed 76672K, reserved 1116160K
  class space    used 9913K, capacity 10546K, committed 10624K, reserved 1048576K

