# JRE version: OpenJDK Runtime Environment (8.0_202) (build 1.8.0_202-release-1483-b49-5587405)
# Java VM: OpenJDK 64-Bit Server VM (25.202-b49-5587405 mixed mode linux-amd64 compressed oops)
Heap:
 PSYoungGen      total 285184K, used 63987K [0x00000000e0000000, 0x00000000f9400000, 0x0000000100000000)
  eden space 269312K, 23% used [0x00000000e0000000,0x00000000e3e7ce48,0x00000000f0700000)
  from space 15872K, 0% used [0x00000000f0700000,0x00000000f0700000,0x00000000f1680000)
  to   space 27648K, 0% used [0x00000000f7900000,0x00000000f7900000,0x00000000f9400000)
 ParOldGen       total 391168K, used 35386K [0x00000000a0000000, 0x00000000b7e00000, 0x00000000e0000000)
  object space 391168K, 9% used [0x00000000a0000000,0x00000000a228eba0,0x00000000b7e00000)
 Metaspace       used 59014K, capacity 60870K, committed 61056K, reserved 1101824K
  class space    used 8054K, capacity 8497K, committed 8576K, reserved 1048576K
GC Heap History (10 events):
Event: 9.874 GC heap before
{Heap before GC invocations=4 (full 1):
 PSYoungGen      total 208384K, used 192512K [0x00000000e0000000, 0x00000000edb00000, 0x0000000100000000)
  eden space 192512K, 100% used [0x00000000e0000000,0x00000000ebc00000,0x00000000ebc00000)
  from space 15872K, 0% used [0x00000000ecb80000,0x00000000ecb80000,0x00000000edb00000)
  to   space 15872K, 0% used [0x00000000ebc00000,0x00000000ebc00000,0x00000000ecb80000)
 ParOldGen       total 167936K, used 14446K [0x00000000a0000000, 0x00000000aa400000, 0x00000000e0000000)
  object space 167936K, 8% used [0x00000000a0000000,0x00000000a0e1bb40,0x00000000aa400000)
 Metaspace       used 34700K, capacity 35380K, committed 35456K, reserved 1079296K
  class space    used 4768K, capacity 4959K, committed 4992K, reserved 1048576K
Event: 9.933 GC heap after
Heap after GC invocations=4 (full 1):
 PSYoungGen      total 208384K, used 15854K [0x00000000e0000000, 0x00000000f2600000, 0x0000000100000000)
  eden space 192512K, 0% used [0x00000000e0000000,0x00000000e0000000,0x00000000ebc00000)
  from space 15872K, 99% used [0x00000000ebc00000,0x00000000ecb7bae0,0x00000000ecb80000)
  to   space 15872K, 0% used [0x00000000f1680000,0x00000000f1680000,0x00000000f2600000)
 ParOldGen       total 167936K, used 17813K [0x00000000a0000000, 0x00000000aa400000, 0x00000000e0000000)
  object space 167936K, 10% used [0x00000000a0000000,0x00000000a1165638,0x00000000aa400000)
 Metaspace       used 34700K, capacity 35380K, committed 35456K, reserved 1079296K
  class space    used 4768K, capacity 4959K, committed 4992K, reserved 1048576K
}
Event: 9.933 GC heap before
{Heap before GC invocations=5 (full 2):
 PSYoungGen      total 208384K, used 15854K [0x00000000e0000000, 0x00000000f2600000, 0x0000000100000000)
  eden space 192512K, 0% used [0x00000000e0000000,0x00000000e0000000,0x00000000ebc00000)
  from space 15872K, 99% used [0x00000000ebc00000,0x00000000ecb7bae0,0x00000000ecb80000)
  to   space 15872K, 0% used [0x00000000f1680000,0x00000000f1680000,0x00000000f2600000)
 ParOldGen       total 167936K, used 17813K [0x00000000a0000000, 0x00000000aa400000, 0x00000000e0000000)
  object space 167936K, 10% used [0x00000000a0000000,0x00000000a1165638,0x00000000aa400000)
 Metaspace       used 34700K, capacity 35380K, committed 35456K, reserved 1079296K
  class space    used 4768K, capacity 4959K, committed 4992K, reserved 1048576K
Event: 10.081 GC heap after
Heap after GC invocations=5 (full 2):
 PSYoungGen      total 208384K, used 0K [0x00000000e0000000, 0x00000000f2600000, 0x0000000100000000)
  eden space 192512K, 0% used [0x00000000e0000000,0x00000000e0000000,0x00000000ebc00000)
  from space 15872K, 0% used [0x00000000ebc00000,0x00000000ebc00000,0x00000000ecb80000)
  to   space 15872K, 0% used [0x00000000f1680000,0x00000000f1680000,0x00000000f2600000)
 ParOldGen       total 282112K, used 25651K [0x00000000a0000000, 0x00000000b1380000, 0x00000000e0000000)
  object space 282112K, 9% used [0x00000000a0000000,0x00000000a190cf38,0x00000000b1380000)
 Metaspace       used 34697K, capacity 35368K, committed 35456K, reserved 1079296K
  class space    used 4766K, capacity 4957K, committed 4992K, reserved 1048576K
}
Event: 15.352 GC heap before
{Heap before GC invocations=6 (full 2):
 PSYoungGen      total 208384K, used 192512K [0x00000000e0000000, 0x00000000f2600000, 0x0000000100000000)
  eden space 192512K, 100% used [0x00000000e0000000,0x00000000ebc00000,0x00000000ebc00000)
  from space 15872K, 0% used [0x00000000ebc00000,0x00000000ebc00000,0x00000000ecb80000)
  to   space 15872K, 0% used [0x00000000f1680000,0x00000000f1680000,0x00000000f2600000)
 ParOldGen       total 282112K, used 25651K [0x00000000a0000000, 0x00000000b1380000, 0x00000000e0000000)
  object space 282112K, 9% used [0x00000000a0000000,0x00000000a190cf38,0x00000000b1380000)
 Metaspace       used 51520K, capacity 52870K, committed 52992K, reserved 1095680K
  class space    used 6999K, capacity 7396K, committed 7424K, reserved 1048576K
Event: 15.382 GC heap after
Heap after GC invocations=6 (full 2):
 PSYoungGen      total 268800K, used 15852K [0x00000000e0000000, 0x00000000f2600000, 0x0000000100000000)
  eden space 252928K, 0% used [0x00000000e0000000,0x00000000e0000000,0x00000000ef700000)
  from space 15872K, 99% used [0x00000000f1680000,0x00000000f25fb1d8,0x00000000f2600000)
  to   space 15872K, 0% used [0x00000000f0700000,0x00000000f0700000,0x00000000f1680000)
 ParOldGen       total 282112K, used 33364K [0x00000000a0000000, 0x00000000b1380000, 0x00000000e0000000)
  object space 282112K, 11% used [0x00000000a0000000,0x00000000a2095048,0x00000000b1380000)
 Metaspace       used 51520K, capacity 52870K, committed 52992K, reserved 1095680K
  class space    used 6999K, capacity 7396K, committed 7424K, reserved 1048576K
}
Event: 18.144 GC heap before
{Heap before GC invocations=7 (full 2):
 PSYoungGen      total 268800K, used 120646K [0x00000000e0000000, 0x00000000f2600000, 0x0000000100000000)
  eden space 252928K, 41% used [0x00000000e0000000,0x00000000e66567d0,0x00000000ef700000)
  from space 15872K, 99% used [0x00000000f1680000,0x00000000f25fb1d8,0x00000000f2600000)
  to   space 15872K, 0% used [0x00000000f0700000,0x00000000f0700000,0x00000000f1680000)
 ParOldGen       total 282112K, used 33364K [0x00000000a0000000, 0x00000000b1380000, 0x00000000e0000000)
  object space 282112K, 11% used [0x00000000a0000000,0x00000000a2095048,0x00000000b1380000)
 Metaspace       used 57343K, capacity 58930K, committed 59096K, reserved 1099776K
  class space    used 7812K, capacity 8209K, committed 8320K, reserved 1048576K
Event: 18.253 GC heap after
Heap after GC invocations=7 (full 2):
 PSYoungGen      total 285184K, used 15869K [0x00000000e0000000, 0x00000000f9400000, 0x0000000100000000)
  eden space 269312K, 0% used [0x00000000e0000000,0x00000000e0000000,0x00000000f0700000)
  from space 15872K, 99% used [0x00000000f0700000,0x00000000f167f7a0,0x00000000f1680000)
  to   space 27648K, 0% used [0x00000000f7900000,0x00000000f7900000,0x00000000f9400000)
 ParOldGen       total 282112K, used 37700K [0x00000000a0000000, 0x00000000b1380000, 0x00000000e0000000)
  object space 282112K, 13% used [0x00000000a0000000,0x00000000a24d13a8,0x00000000b1380000)
 Metaspace       used 57343K, capacity 58930K, committed 59096K, reserved 1099776K
  class space    used 7812K, capacity 8209K, committed 8320K, reserved 1048576K
}
Event: 18.253 GC heap before
{Heap before GC invocations=8 (full 3):
 PSYoungGen      total 285184K, used 15869K [0x00000000e0000000, 0x00000000f9400000, 0x0000000100000000)
  eden space 269312K, 0% used [0x00000000e0000000,0x00000000e0000000,0x00000000f0700000)
  from space 15872K, 99% used [0x00000000f0700000,0x00000000f167f7a0,0x00000000f1680000)
  to   space 27648K, 0% used [0x00000000f7900000,0x00000000f7900000,0x00000000f9400000)
 ParOldGen       total 282112K, used 37700K [0x00000000a0000000, 0x00000000b1380000, 0x00000000e0000000)
  object space 282112K, 13% used [0x00000000a0000000,0x00000000a24d13a8,0x00000000b1380000)
 Metaspace       used 57343K, capacity 58930K, committed 59096K, reserved 1099776K
  class space    used 7812K, capacity 8209K, committed 8320K, reserved 1048576K
Event: 18.571 GC heap after
Heap after GC invocations=8 (full 3):
 PSYoungGen      total 285184K, used 0K [0x00000000e0000000, 0x00000000f9400000, 0x0000000100000000)
  eden space 269312K, 0% used [0x00000000e0000000,0x00000000e0000000,0x00000000f0700000)
  from space 15872K, 0% used [0x00000000f0700000,0x00000000f0700000,0x00000000f1680000)
  to   space 27648K, 0% used [0x00000000f7900000,0x00000000f7900000,0x00000000f9400000)
 ParOldGen       total 391168K, used 35386K [0x00000000a0000000, 0x00000000b7e00000, 0x00000000e0000000)
  object space 391168K, 9% used [0x00000000a0000000,0x00000000a228eba0,0x00000000b7e00000)
 Metaspace       used 57343K, capacity 58930K, committed 59096K, reserved 1099776K
  class space    used 7812K, capacity 8209K, committed 8320K, reserved 1048576K
}

