# JRE version: OpenJDK Runtime Environment (8.0_202) (build 1.8.0_202-release-1483-b49-5587405)
# Java VM: OpenJDK 64-Bit Server VM (25.202-b49-5587405 mixed mode linux-amd64 compressed oops)
Heap:
 PSYoungGen      total 487424K, used 117082K [0x00000000e0000000, 0x0000000100000000, 0x0000000100000000)
  eden space 451072K, 17% used [0x00000000e0000000,0x00000000e4edd300,0x00000000fb880000)
  from space 36352K, 99% used [0x00000000fb880000,0x00000000fdbf9540,0x00000000fdc00000)
  to   space 36864K, 0% used [0x00000000fdc00000,0x00000000fdc00000,0x0000000100000000)
 ParOldGen       total 623104K, used 361380K [0x00000000a0000000, 0x00000000c6080000, 0x00000000e0000000)
  object space 623104K, 57% used [0x00000000a0000000,0x00000000b60e9328,0x00000000c6080000)
 Metaspace       used 138138K, capacity 145952K, committed 146200K, reserved 1177600K
  class space    used 17500K, capacity 18899K, committed 18968K, reserved 1048576K
GC Heap History (10 events):
Event: 4215.088 GC heap before
{Heap before GC invocations=57 (full 4):
 PSYoungGen      total 481792K, used 455857K [0x00000000e0000000, 0x00000000ffd80000, 0x0000000100000000)
  eden space 444928K, 100% used [0x00000000e0000000,0x00000000fb280000,0x00000000fb280000)
  from space 36864K, 29% used [0x00000000fd980000,0x00000000fe42c498,0x00000000ffd80000)
  to   space 38400K, 0% used [0x00000000fb280000,0x00000000fb280000,0x00000000fd800000)
 ParOldGen       total 623104K, used 326177K [0x00000000a0000000, 0x00000000c6080000, 0x00000000e0000000)
  object space 623104K, 52% used [0x00000000a0000000,0x00000000b3e88418,0x00000000c6080000)
 Metaspace       used 137750K, capacity 145394K, committed 145688K, reserved 1175552K
  class space    used 17473K, capacity 18852K, committed 18968K, reserved 1048576K
Event: 4215.102 GC heap after
Heap after GC invocations=57 (full 4):
 PSYoungGen      total 483328K, used 12664K [0x00000000e0000000, 0x00000000fff80000, 0x0000000100000000)
  eden space 444928K, 0% used [0x00000000e0000000,0x00000000e0000000,0x00000000fb280000)
  from space 38400K, 32% used [0x00000000fb280000,0x00000000fbede098,0x00000000fd800000)
  to   space 37376K, 0% used [0x00000000fdb00000,0x00000000fdb00000,0x00000000fff80000)
 ParOldGen       total 623104K, used 331055K [0x00000000a0000000, 0x00000000c6080000, 0x00000000e0000000)
  object space 623104K, 53% used [0x00000000a0000000,0x00000000b434bef8,0x00000000c6080000)
 Metaspace       used 137750K, capacity 145394K, committed 145688K, reserved 1175552K
  class space    used 17473K, capacity 18852K, committed 18968K, reserved 1048576K
}
Event: 4215.476 GC heap before
{Heap before GC invocations=58 (full 4):
 PSYoungGen      total 483328K, used 457592K [0x00000000e0000000, 0x00000000fff80000, 0x0000000100000000)
  eden space 444928K, 100% used [0x00000000e0000000,0x00000000fb280000,0x00000000fb280000)
  from space 38400K, 32% used [0x00000000fb280000,0x00000000fbede098,0x00000000fd800000)
  to   space 37376K, 0% used [0x00000000fdb00000,0x00000000fdb00000,0x00000000fff80000)
 ParOldGen       total 623104K, used 331055K [0x00000000a0000000, 0x00000000c6080000, 0x00000000e0000000)
  object space 623104K, 53% used [0x00000000a0000000,0x00000000b434bef8,0x00000000c6080000)
 Metaspace       used 137776K, capacity 145458K, committed 145688K, reserved 1175552K
  class space    used 17473K, capacity 18852K, committed 18968K, reserved 1048576K
Event: 4215.487 GC heap after
Heap after GC invocations=58 (full 4):
 PSYoungGen      total 484352K, used 9056K [0x00000000e0000000, 0x00000000ffe00000, 0x0000000100000000)
  eden space 448512K, 0% used [0x00000000e0000000,0x00000000e0000000,0x00000000fb600000)
  from space 35840K, 25% used [0x00000000fdb00000,0x00000000fe3d8000,0x00000000ffe00000)
  to   space 36864K, 0% used [0x00000000fb600000,0x00000000fb600000,0x00000000fda00000)
 ParOldGen       total 623104K, used 337353K [0x00000000a0000000, 0x00000000c6080000, 0x00000000e0000000)
  object space 623104K, 54% used [0x00000000a0000000,0x00000000b4972520,0x00000000c6080000)
 Metaspace       used 137776K, capacity 145458K, committed 145688K, reserved 1175552K
  class space    used 17473K, capacity 18852K, committed 18968K, reserved 1048576K
}
Event: 4216.361 GC heap before
{Heap before GC invocations=59 (full 4):
 PSYoungGen      total 484352K, used 457568K [0x00000000e0000000, 0x00000000ffe00000, 0x0000000100000000)
  eden space 448512K, 100% used [0x00000000e0000000,0x00000000fb600000,0x00000000fb600000)
  from space 35840K, 25% used [0x00000000fdb00000,0x00000000fe3d8000,0x00000000ffe00000)
  to   space 36864K, 0% used [0x00000000fb600000,0x00000000fb600000,0x00000000fda00000)
 ParOldGen       total 623104K, used 337353K [0x00000000a0000000, 0x00000000c6080000, 0x00000000e0000000)
  object space 623104K, 54% used [0x00000000a0000000,0x00000000b4972520,0x00000000c6080000)
 Metaspace       used 137781K, capacity 145458K, committed 145688K, reserved 1175552K
  class space    used 17473K, capacity 18852K, committed 18968K, reserved 1048576K
Event: 4216.390 GC heap after
Heap after GC invocations=59 (full 4):
 PSYoungGen      total 485376K, used 9504K [0x00000000e0000000, 0x0000000100000000, 0x0000000100000000)
  eden space 448512K, 0% used [0x00000000e0000000,0x00000000e0000000,0x00000000fb600000)
  from space 36864K, 25% used [0x00000000fb600000,0x00000000fbf48030,0x00000000fda00000)
  to   space 36352K, 0% used [0x00000000fdc80000,0x00000000fdc80000,0x0000000100000000)
 ParOldGen       total 623104K, used 345317K [0x00000000a0000000, 0x00000000c6080000, 0x00000000e0000000)
  object space 623104K, 55% used [0x00000000a0000000,0x00000000b5139550,0x00000000c6080000)
 Metaspace       used 137781K, capacity 145458K, committed 145688K, reserved 1175552K
  class space    used 17473K, capacity 18852K, committed 18968K, reserved 1048576K
}
Event: 4402.457 GC heap before
{Heap before GC invocations=60 (full 4):
 PSYoungGen      total 485376K, used 458016K [0x00000000e0000000, 0x0000000100000000, 0x0000000100000000)
  eden space 448512K, 100% used [0x00000000e0000000,0x00000000fb600000,0x00000000fb600000)
  from space 36864K, 25% used [0x00000000fb600000,0x00000000fbf48030,0x00000000fda00000)
  to   space 36352K, 0% used [0x00000000fdc80000,0x00000000fdc80000,0x0000000100000000)
 ParOldGen       total 623104K, used 345317K [0x00000000a0000000, 0x00000000c6080000, 0x00000000e0000000)
  object space 623104K, 55% used [0x00000000a0000000,0x00000000b5139550,0x00000000c6080000)
 Metaspace       used 138020K, capacity 145872K, committed 146200K, reserved 1177600K
  class space    used 17493K, capacity 18887K, committed 18968K, reserved 1048576K
Event: 4402.472 GC heap after
Heap after GC invocations=60 (full 4):
 PSYoungGen      total 486912K, used 2560K [0x00000000e0000000, 0x00000000fff80000, 0x0000000100000000)
  eden space 451072K, 0% used [0x00000000e0000000,0x00000000e0000000,0x00000000fb880000)
  from space 35840K, 7% used [0x00000000fdc80000,0x00000000fdf00040,0x00000000fff80000)
  to   space 36352K, 0% used [0x00000000fb880000,0x00000000fb880000,0x00000000fdc00000)
 ParOldGen       total 623104K, used 353197K [0x00000000a0000000, 0x00000000c6080000, 0x00000000e0000000)
  object space 623104K, 56% used [0x00000000a0000000,0x00000000b58eb580,0x00000000c6080000)
 Metaspace       used 138020K, capacity 145872K, committed 146200K, reserved 1177600K
  class space    used 17493K, capacity 18887K, committed 18968K, reserved 1048576K
}
Event: 4404.590 GC heap before
{Heap before GC invocations=61 (full 4):
 PSYoungGen      total 486912K, used 453632K [0x00000000e0000000, 0x00000000fff80000, 0x0000000100000000)
  eden space 451072K, 100% used [0x00000000e0000000,0x00000000fb880000,0x00000000fb880000)
  from space 35840K, 7% used [0x00000000fdc80000,0x00000000fdf00040,0x00000000fff80000)
  to   space 36352K, 0% used [0x00000000fb880000,0x00000000fb880000,0x00000000fdc00000)
 ParOldGen       total 623104K, used 353197K [0x00000000a0000000, 0x00000000c6080000, 0x00000000e0000000)
  object space 623104K, 56% used [0x00000000a0000000,0x00000000b58eb580,0x00000000c6080000)
 Metaspace       used 138138K, capacity 145952K, committed 146200K, reserved 1177600K
  class space    used 17500K, capacity 18899K, committed 18968K, reserved 1048576K
Event: 4404.646 GC heap after
Heap after GC invocations=61 (full 4):
 PSYoungGen      total 487424K, used 36325K [0x00000000e0000000, 0x0000000100000000, 0x0000000100000000)
  eden space 451072K, 0% used [0x00000000e0000000,0x00000000e0000000,0x00000000fb880000)
  from space 36352K, 99% used [0x00000000fb880000,0x00000000fdbf9540,0x00000000fdc00000)
  to   space 36864K, 0% used [0x00000000fdc00000,0x00000000fdc00000,0x0000000100000000)
 ParOldGen       total 623104K, used 361380K [0x00000000a0000000, 0x00000000c6080000, 0x00000000e0000000)
  object space 623104K, 57% used [0x00000000a0000000,0x00000000b60e9328,0x00000000c6080000)
 Metaspace       used 138138K, capacity 145952K, committed 146200K, reserved 1177600K
  class space    used 17500K, capacity 18899K, committed 18968K, reserved 1048576K
}

